<?xml version="1.0" encoding="UTF-8"?>
<!-- Generated by org.testng.reporters.JUnitXMLReporter -->
<testsuite hostname="DESKTOP-HE38V3R" name="Regression_CreateLoan_Bln" tests="2" failures="0" timestamp="23 Dec 2019 13:37:43 GMT" time="0.229" errors="0">
  <testcase name="@BeforeMethod initializeDriver" time="0.0" classname="BLNProject.Automation.NewLoanRequest">
    <failure type="java.lang.IllegalStateException" message="The driver executable does not exist: C:\src\main\resources\geckodriver.exe">
      <![CDATA[java.lang.IllegalStateException: The driver executable does not exist: C:\src\main\resources\geckodriver.exe
	at com.google.common.base.Preconditions.checkState(Preconditions.java:585)
	at org.openqa.selenium.remote.service.DriverService.checkExecutable(DriverService.java:146)
	at org.openqa.selenium.remote.service.DriverService.findExecutable(DriverService.java:141)
	at org.openqa.selenium.firefox.GeckoDriverService.access$100(GeckoDriverService.java:44)
	at org.openqa.selenium.firefox.GeckoDriverService$Builder.findDefaultExecutable(GeckoDriverService.java:167)
	at org.openqa.selenium.remote.service.DriverService$Builder.build(DriverService.java:355)
	at org.openqa.selenium.firefox.FirefoxDriver.toExecutor(FirefoxDriver.java:190)
	at org.openqa.selenium.firefox.FirefoxDriver.<init>(FirefoxDriver.java:147)
	at org.openqa.selenium.firefox.FirefoxDriver.<init>(FirefoxDriver.java:133)
	at bln.util.Driver.createDriver(Driver.java:133)
	at bln.util.Driver.<init>(Driver.java:94)
	at bln.test.BaseTest.initializeDriver(BaseTest.java:80)
	at BLNProject.Automation.NewLoanRequest.initializeDriver(NewLoanRequest.java:20)
	at java.util.concurrent.ThreadPoolExecutor.runWorker(ThreadPoolExecutor.java:1149)
	at java.util.concurrent.ThreadPoolExecutor$Worker.run(ThreadPoolExecutor.java:624)
	at java.lang.Thread.run(Thread.java:748)
... Removed 12 stack frames]]>
    </failure>
  </testcase> <!-- @BeforeMethod initializeDriver -->
  <testcase name="@AfterMethod tearDown" time="0.0" classname="BLNProject.Automation.NewLoanRequest">
    <failure type="java.lang.NullPointerException">
      <![CDATA[java.lang.NullPointerException
	at bln.test.BaseTest.tearDown(BaseTest.java:94)
	at java.util.concurrent.ThreadPoolExecutor.runWorker(ThreadPoolExecutor.java:1149)
	at java.util.concurrent.ThreadPoolExecutor$Worker.run(ThreadPoolExecutor.java:624)
	at java.lang.Thread.run(Thread.java:748)
... Removed 12 stack frames]]>
    </failure>
  </testcase> <!-- @AfterMethod tearDown -->
  <testcase name="@BeforeMethod initializeDriver" time="0.0" classname="BLNProject.Automation.NewLoanRequest">
    <failure type="java.lang.IllegalStateException" message="The driver executable does not exist: C:\src\main\resources\geckodriver.exe">
      <![CDATA[java.lang.IllegalStateException: The driver executable does not exist: C:\src\main\resources\geckodriver.exe
	at com.google.common.base.Preconditions.checkState(Preconditions.java:585)
	at org.openqa.selenium.remote.service.DriverService.checkExecutable(DriverService.java:146)
	at org.openqa.selenium.remote.service.DriverService.findExecutable(DriverService.java:141)
	at org.openqa.selenium.firefox.GeckoDriverService.access$100(GeckoDriverService.java:44)
	at org.openqa.selenium.firefox.GeckoDriverService$Builder.findDefaultExecutable(GeckoDriverService.java:167)
	at org.openqa.selenium.remote.service.DriverService$Builder.build(DriverService.java:355)
	at org.openqa.selenium.firefox.FirefoxDriver.toExecutor(FirefoxDriver.java:190)
	at org.openqa.selenium.firefox.FirefoxDriver.<init>(FirefoxDriver.java:147)
	at org.openqa.selenium.firefox.FirefoxDriver.<init>(FirefoxDriver.java:133)
	at bln.util.Driver.createDriver(Driver.java:133)
	at bln.util.Driver.<init>(Driver.java:94)
	at bln.test.BaseTest.initializeDriver(BaseTest.java:80)
	at BLNProject.Automation.NewLoanRequest.initializeDriver(NewLoanRequest.java:20)
	at java.util.concurrent.ThreadPoolExecutor.runWorker(ThreadPoolExecutor.java:1149)
	at java.util.concurrent.ThreadPoolExecutor$Worker.run(ThreadPoolExecutor.java:624)
	at java.lang.Thread.run(Thread.java:748)
... Removed 12 stack frames]]>
    </failure>
  </testcase> <!-- @BeforeMethod initializeDriver -->
  <testcase name="@AfterMethod tearDown" time="0.0" classname="BLNProject.Automation.NewLoanRequest">
    <failure type="java.lang.NullPointerException">
      <![CDATA[java.lang.NullPointerException
	at bln.test.BaseTest.tearDown(BaseTest.java:94)
	at java.util.concurrent.ThreadPoolExecutor.runWorker(ThreadPoolExecutor.java:1149)
	at java.util.concurrent.ThreadPoolExecutor$Worker.run(ThreadPoolExecutor.java:624)
	at java.lang.Thread.run(Thread.java:748)
... Removed 12 stack frames]]>
    </failure>
  </testcase> <!-- @AfterMethod tearDown -->
  <testcase name="LoginBLN" time="0.0" classname="BLNProject.Automation.NewLoanRequest">
    <skipped/>
  </testcase> <!-- LoginBLN -->
  <testcase name="CreateSoftCreditPull" time="0.0" classname="BLNProject.Automation.NewLoanRequest">
    <skipped/>
  </testcase> <!-- CreateSoftCreditPull -->
</testsuite> <!-- Regression_CreateLoan_Bln -->
