<?xml version="1.0" encoding="UTF-8"?>
<!-- Generated by org.testng.reporters.JUnitXMLReporter -->
<testsuite hostname="DESKTOP-1C6302R" ignored="4" name="Default test" tests="4" failures="0" timestamp="02 May 2021 02:10:32 GMT" time="480.461" errors="0">
  <testcase name="brokerAPIV2_createLoan" time="106.18" classname="bln.test.automation.wordpressAPI.WordPressAPITestScripts"/>
  <testcase name="brokerAPIV3_createLoan" time="117.935" classname="bln.test.automation.wordpressAPI.WordPressAPITestScripts"/>
  <testcase name="lenderAPIV2_createLoan_RealEstateInvestor" time="103.072" classname="bln.test.automation.wordpressAPI.WordPressAPITestScripts"/>
  <testcase name="lenderAPIV3_createLoan_RealEstateInvestor" time="108.551" classname="bln.test.automation.wordpressAPI.WordPressAPITestScripts"/>
  <testcase name="lenderAPI_createLoan" time="0.0" classname="bln.test.automation.wordpressAPI.WordPressAPITestScripts">
    <ignored/>
  </testcase> <!-- lenderAPI_createLoan -->
  <testcase name="lenderAPIV3_createLoan_Broker" time="0.0" classname="bln.test.automation.wordpressAPI.WordPressAPITestScripts">
    <ignored/>
  </testcase> <!-- lenderAPIV3_createLoan_Broker -->
  <testcase name="lenderAPIV2_createLoan_Broker" time="0.0" classname="bln.test.automation.wordpressAPI.WordPressAPITestScripts">
    <ignored/>
  </testcase> <!-- lenderAPIV2_createLoan_Broker -->
  <testcase name="brokerAPIV_createLoan" time="0.0" classname="bln.test.automation.wordpressAPI.WordPressAPITestScripts">
    <ignored/>
  </testcase> <!-- brokerAPIV_createLoan -->
</testsuite> <!-- Default test -->
